<?xml version="1.0" encoding="UTF-8"?>
<testng-results ignored="0" total="4" passed="3" failed="1" skipped="0">
  <reporter-output>
  </reporter-output>
  <suite started-at="2020-01-03T21:18:59Z" name="Default suite" finished-at="2020-01-03T21:19:36Z" duration-ms="37095">
    <groups>
    </groups>
    <test started-at="2020-01-03T21:18:59Z" name="Default test" finished-at="2020-01-03T21:19:36Z" duration-ms="37095">
      <class name="com.cogmento.qa.testcases.LandingPageTest">
        <test-method is-config="true" signature="setUp()[pri:0, instance:com.cogmento.qa.testcases.LandingPageTest@65d09a04]" started-at="2020-01-03T21:18:59Z" name="setUp" finished-at="2020-01-03T21:19:07Z" duration-ms="8764" status="PASS">
          <reporter-output>
          </reporter-output>
        </test-method> <!-- setUp -->
        <test-method signature="homePageTitleTest()[pri:1, instance:com.cogmento.qa.testcases.LandingPageTest@65d09a04]" started-at="2020-01-03T21:19:07Z" name="homePageTitleTest" finished-at="2020-01-03T21:19:07Z" duration-ms="16" status="FAIL">
          <exception class="java.lang.AssertionError">
            <message>
              <![CDATA[Home Page title is not matched expected [My Account – ToolsQA Demo Site] but found [Cogmento CRM]]]>
            </message>
            <full-stacktrace>
              <![CDATA[java.lang.AssertionError: Home Page title is not matched expected [My Account – ToolsQA Demo Site] but found [Cogmento CRM]
at org.testng.Assert.fail(Assert.java:96)
at org.testng.Assert.failNotEquals(Assert.java:776)
at org.testng.Assert.assertEqualsImpl(Assert.java:137)
at org.testng.Assert.assertEquals(Assert.java:118)
at org.testng.Assert.assertEquals(Assert.java:453)
at com.cogmento.qa.testcases.LandingPageTest.homePageTitleTest(LandingPageTest.java:43)
at java.base/jdk.internal.reflect.NativeMethodAccessorImpl.invoke0(Native Method)
at java.base/jdk.internal.reflect.NativeMethodAccessorImpl.invoke(NativeMethodAccessorImpl.java:62)
at java.base/jdk.internal.reflect.DelegatingMethodAccessorImpl.invoke(DelegatingMethodAccessorImpl.java:43)
at java.base/java.lang.reflect.Method.invoke(Method.java:566)
at org.testng.internal.MethodInvocationHelper.invokeMethod(MethodInvocationHelper.java:124)
at org.testng.internal.Invoker.invokeMethod(Invoker.java:583)
at org.testng.internal.Invoker.invokeTestMethod(Invoker.java:719)
at org.testng.internal.Invoker.invokeTestMethods(Invoker.java:989)
at org.testng.internal.TestMethodWorker.invokeTestMethods(TestMethodWorker.java:125)
at org.testng.internal.TestMethodWorker.run(TestMethodWorker.java:109)
at org.testng.TestRunner.privateRun(TestRunner.java:648)
at org.testng.TestRunner.run(TestRunner.java:505)
at org.testng.SuiteRunner.runTest(SuiteRunner.java:455)
at org.testng.SuiteRunner.runSequentially(SuiteRunner.java:450)
at org.testng.SuiteRunner.privateRun(SuiteRunner.java:415)
at org.testng.SuiteRunner.run(SuiteRunner.java:364)
at org.testng.SuiteRunnerWorker.runSuite(SuiteRunnerWorker.java:52)
at org.testng.SuiteRunnerWorker.run(SuiteRunnerWorker.java:84)
at org.testng.TestNG.runSuitesSequentially(TestNG.java:1208)
at org.testng.TestNG.runSuitesLocally(TestNG.java:1137)
at org.testng.TestNG.runSuites(TestNG.java:1049)
at org.testng.TestNG.run(TestNG.java:1017)
at org.testng.remote.AbstractRemoteTestNG.run(AbstractRemoteTestNG.java:115)
at org.testng.remote.RemoteTestNG.initAndRun(RemoteTestNG.java:251)
at org.testng.remote.RemoteTestNG.main(RemoteTestNG.java:77)
]]>
            </full-stacktrace>
          </exception> <!-- java.lang.AssertionError -->
          <reporter-output>
          </reporter-output>
        </test-method> <!-- homePageTitleTest -->
        <test-method is-config="true" signature="tearDown()[pri:0, instance:com.cogmento.qa.testcases.LandingPageTest@65d09a04]" started-at="2020-01-03T21:19:07Z" name="tearDown" finished-at="2020-01-03T21:19:08Z" duration-ms="691" status="PASS">
          <reporter-output>
          </reporter-output>
        </test-method> <!-- tearDown -->
        <test-method is-config="true" signature="setUp()[pri:0, instance:com.cogmento.qa.testcases.LandingPageTest@65d09a04]" started-at="2020-01-03T21:19:08Z" name="setUp" finished-at="2020-01-03T21:19:15Z" duration-ms="6748" status="PASS">
          <reporter-output>
          </reporter-output>
        </test-method> <!-- setUp -->
        <test-method signature="validateUserNameTest()[pri:2, instance:com.cogmento.qa.testcases.LandingPageTest@65d09a04]" started-at="2020-01-03T21:19:15Z" name="validateUserNameTest" finished-at="2020-01-03T21:19:16Z" duration-ms="1570" status="PASS">
          <reporter-output>
          </reporter-output>
        </test-method> <!-- validateUserNameTest -->
        <test-method is-config="true" signature="tearDown()[pri:0, instance:com.cogmento.qa.testcases.LandingPageTest@65d09a04]" started-at="2020-01-03T21:19:16Z" name="tearDown" finished-at="2020-01-03T21:19:17Z" duration-ms="879" status="PASS">
          <reporter-output>
          </reporter-output>
        </test-method> <!-- tearDown -->
        <test-method is-config="true" signature="setUp()[pri:0, instance:com.cogmento.qa.testcases.LandingPageTest@65d09a04]" started-at="2020-01-03T21:19:17Z" name="setUp" finished-at="2020-01-03T21:19:24Z" duration-ms="6721" status="PASS">
          <reporter-output>
          </reporter-output>
        </test-method> <!-- setUp -->
        <test-method signature="verifyContactsLink()[pri:3, instance:com.cogmento.qa.testcases.LandingPageTest@65d09a04]" started-at="2020-01-03T21:19:24Z" name="verifyContactsLink" finished-at="2020-01-03T21:19:25Z" duration-ms="1351" status="PASS">
          <reporter-output>
          </reporter-output>
        </test-method> <!-- verifyContactsLink -->
        <test-method is-config="true" signature="tearDown()[pri:0, instance:com.cogmento.qa.testcases.LandingPageTest@65d09a04]" started-at="2020-01-03T21:19:25Z" name="tearDown" finished-at="2020-01-03T21:19:26Z" duration-ms="987" status="PASS">
          <reporter-output>
          </reporter-output>
        </test-method> <!-- tearDown -->
        <test-method is-config="true" signature="setUp()[pri:0, instance:com.cogmento.qa.testcases.LandingPageTest@65d09a04]" started-at="2020-01-03T21:19:26Z" name="setUp" finished-at="2020-01-03T21:19:33Z" duration-ms="6822" status="PASS">
          <reporter-output>
          </reporter-output>
        </test-method> <!-- setUp -->
        <test-method signature="verifyDealsLink()[pri:4, instance:com.cogmento.qa.testcases.LandingPageTest@65d09a04]" started-at="2020-01-03T21:19:33Z" name="verifyDealsLink" finished-at="2020-01-03T21:19:35Z" duration-ms="1787" status="PASS">
          <reporter-output>
          </reporter-output>
        </test-method> <!-- verifyDealsLink -->
        <test-method is-config="true" signature="tearDown()[pri:0, instance:com.cogmento.qa.testcases.LandingPageTest@65d09a04]" started-at="2020-01-03T21:19:35Z" name="tearDown" finished-at="2020-01-03T21:19:36Z" duration-ms="718" status="PASS">
          <reporter-output>
          </reporter-output>
        </test-method> <!-- tearDown -->
      </class> <!-- com.cogmento.qa.testcases.LandingPageTest -->
    </test> <!-- Default test -->
  </suite> <!-- Default suite -->
</testng-results>
